2026-01-28 07:34:08 [INFO]: New database connection established
2026-01-28 07:34:08 [INFO]: Database connection successful: {"now":"2026-01-28T02:34:08.894Z"}
2026-01-28 07:34:56 [INFO]: New database connection established
2026-01-28 07:34:56 [INFO]: Database connection successful: {"now":"2026-01-28T02:34:56.380Z"}
2026-01-28 07:35:07 [INFO]: New database connection established
2026-01-28 07:35:07 [INFO]: Database connection successful: {"now":"2026-01-28T02:35:07.331Z"}
[2026-01-28 07:35:39] [INFO]: New database connection established
[2026-01-28 07:35:39] [INFO]: Database connection successful: {"now":"2026-01-28T02:35:39.706Z"}
[2026-01-28 07:35:48] [INFO]: New database connection established
[2026-01-28 07:35:48] [INFO]: Database connection successful: {"now":"2026-01-28T02:35:48.803Z"}
[2026-01-28 07:36:18] [INFO]: New database connection established
[2026-01-28 07:36:18] [ERROR]: Database connection successful: {"now":"2026-01-28T02:36:18.436Z"}
[2026-01-28 07:36:46] [INFO]: New database connection established
[2026-01-28 07:36:46] [INFO]: Database connection successful: {"now":"2026-01-28T02:36:46.378Z"}
[2026-01-28 07:37:04] [INFO]: New database connection established
[2026-01-28 07:37:04] [INFO]: Database connection successful: Wed Jan 28 2026 07:37:04 GMT+0500 (Pakistan Standard Time)
[2026-01-28 07:37:39] [INFO]: New database connection established
[2026-01-28 07:37:39] [INFO]: Database connection successful: Wed Jan 28 2026 07:37:39 GMT+0500 (Pakistan Standard Time)
[2026-01-28 07:40:14] [INFO]: New database connection established
[2026-01-28 07:40:14] [INFO]: Database connection successful: Wed Jan 28 2026 07:40:14 GMT+0500 (Pakistan Standard Time)
[2026-01-28 07:40:23] [INFO]: New database connection established
[2026-01-28 07:40:23] [INFO]: Database connection successful: Wed Jan 28 2026 07:40:23 GMT+0500 (Pakistan Standard Time)
[2026-01-28 07:40:33] [INFO]: New database connection established
[2026-01-28 07:40:33] [INFO]: Database connection successful: Wed Jan 28 2026 07:40:33 GMT+0500 (Pakistan Standard Time)
